<?xml version="1.0" encoding="UTF-8"?>
<!-- Generated by org.testng.reporters.JUnitXMLReporter -->
<testsuite ignored="0" hostname="DESKTOP-NRO9H63" failures="0" tests="5" name="Default test" time="0.051" errors="0" timestamp="16 May 2021 11:26:22 GMT">
  <testcase classname="StringFunctionClassTest" name="testCheckIfPalindrome_forAllSameCharacter" time="0.005"/>
  <testcase classname="StringFunctionClassTest" name="testCheckIfPalindrome_forBlankInput" time="0.004"/>
  <testcase classname="StringFunctionClassTest" name="testCheckIfPalindrome_forDifferentCharacter" time="0.002"/>
  <testcase classname="StringFunctionClassTest" name="testCheckIfPalindrome_forNullParameter" time="0.002"/>
  <testcase classname="StringFunctionClassTest" name="testCheckIfPalindrome_forSingleCharacter" time="0.001"/>
</testsuite> <!-- Default test -->
