<?xml version="1.0" encoding="UTF-8"?>
<testng-results ignored="0" total="5" passed="5" failed="0" skipped="0">
  <reporter-output>
  </reporter-output>
  <suite started-at="2021-05-16T11:26:22Z" name="Default suite" finished-at="2021-05-16T11:26:22Z" duration-ms="51">
    <groups>
    </groups>
    <test started-at="2021-05-16T11:26:22Z" name="Default test" finished-at="2021-05-16T11:26:22Z" duration-ms="51">
      <class name="StringFunctionClassTest">
        <test-method is-config="true" signature="setup()[pri:0, instance:StringFunctionClassTest@6c372fe6]" started-at="2021-05-16T11:26:22Z" name="setup" finished-at="2021-05-16T11:26:22Z" duration-ms="9" status="PASS">
          <reporter-output>
          </reporter-output>
        </test-method> <!-- setup -->
        <test-method signature="testCheckIfPalindrome_forAllSameCharacter()[pri:0, instance:StringFunctionClassTest@6c372fe6]" started-at="2021-05-16T11:26:22Z" name="testCheckIfPalindrome_forAllSameCharacter" finished-at="2021-05-16T11:26:22Z" duration-ms="5" status="PASS">
          <reporter-output>
          </reporter-output>
        </test-method> <!-- testCheckIfPalindrome_forAllSameCharacter -->
        <test-method signature="testCheckIfPalindrome_forBlankInput()[pri:0, instance:StringFunctionClassTest@6c372fe6]" started-at="2021-05-16T11:26:22Z" name="testCheckIfPalindrome_forBlankInput" finished-at="2021-05-16T11:26:22Z" duration-ms="4" status="PASS">
          <reporter-output>
          </reporter-output>
        </test-method> <!-- testCheckIfPalindrome_forBlankInput -->
        <test-method signature="testCheckIfPalindrome_forDifferentCharacter()[pri:0, instance:StringFunctionClassTest@6c372fe6]" started-at="2021-05-16T11:26:22Z" name="testCheckIfPalindrome_forDifferentCharacter" finished-at="2021-05-16T11:26:22Z" duration-ms="2" status="PASS">
          <reporter-output>
          </reporter-output>
        </test-method> <!-- testCheckIfPalindrome_forDifferentCharacter -->
        <test-method signature="testCheckIfPalindrome_forNullParameter()[pri:0, instance:StringFunctionClassTest@6c372fe6]" started-at="2021-05-16T11:26:22Z" name="testCheckIfPalindrome_forNullParameter" finished-at="2021-05-16T11:26:22Z" duration-ms="2" status="PASS">
          <reporter-output>
          </reporter-output>
        </test-method> <!-- testCheckIfPalindrome_forNullParameter -->
        <test-method signature="testCheckIfPalindrome_forSingleCharacter()[pri:0, instance:StringFunctionClassTest@6c372fe6]" started-at="2021-05-16T11:26:22Z" name="testCheckIfPalindrome_forSingleCharacter" finished-at="2021-05-16T11:26:22Z" duration-ms="1" status="PASS">
          <reporter-output>
          </reporter-output>
        </test-method> <!-- testCheckIfPalindrome_forSingleCharacter -->
      </class> <!-- StringFunctionClassTest -->
    </test> <!-- Default test -->
  </suite> <!-- Default suite -->
</testng-results>
